\BOOKMARK [0][-]{contents_bookmark.0}{Contents}{}% 1
\BOOKMARK [0][-]{chapter.1}{1 Introduction}{}% 2
\BOOKMARK [1][-]{section.1.1}{1.1 Aim}{chapter.1}% 3
\BOOKMARK [1][-]{section.1.2}{1.2 Objectives}{chapter.1}% 4
\BOOKMARK [1][-]{section.1.3}{1.3 Relevance}{chapter.1}% 5
\BOOKMARK [0][-]{chapter.2}{2 Literature Review}{}% 6
\BOOKMARK [1][-]{section.2.1}{2.1 Biologically Inspired Computation and Engineering}{chapter.2}% 7
\BOOKMARK [1][-]{section.2.2}{2.2 Artificial Intelligence and Artificial Life}{chapter.2}% 8
\BOOKMARK [1][-]{section.2.3}{2.3 Swarm Intelligence and Behaviour}{chapter.2}% 9
\BOOKMARK [0][-]{chapter.3}{3 Methodology}{}% 10
\BOOKMARK [1][-]{section.3.1}{3.1 Hardware}{chapter.3}% 11
\BOOKMARK [2][-]{subsection.3.1.1}{3.1.1 E-puck robots}{section.3.1}% 12
\BOOKMARK [2][-]{subsection.3.1.2}{3.1.2 Alternatives}{section.3.1}% 13
\BOOKMARK [1][-]{section.3.2}{3.2 Software}{chapter.3}% 14
\BOOKMARK [2][-]{subsection.3.2.1}{3.2.1 Webots simulator}{section.3.2}% 15
\BOOKMARK [2][-]{subsection.3.2.2}{3.2.2 C++ programming language}{section.3.2}% 16
\BOOKMARK [0][-]{chapter.4}{4 Implementation}{}% 17
\BOOKMARK [1][-]{section.4.1}{4.1 Design}{chapter.4}% 18
\BOOKMARK [2][-]{subsection.4.1.1}{4.1.1 System Diagram}{section.4.1}% 19
\BOOKMARK [2][-]{subsection.4.1.2}{4.1.2 Control Equations}{section.4.1}% 20
\BOOKMARK [2][-]{subsection.4.1.3}{4.1.3 Software Architecture}{section.4.1}% 21
\BOOKMARK [1][-]{section.4.2}{4.2 Code Implementation}{chapter.4}% 22
\BOOKMARK [2][-]{subsection.4.2.1}{4.2.1 Libraries and dependencies}{section.4.2}% 23
\BOOKMARK [2][-]{subsection.4.2.2}{4.2.2 Low level}{section.4.2}% 24
\BOOKMARK [2][-]{subsection.4.2.3}{4.2.3 High level}{section.4.2}% 25
\BOOKMARK [2][-]{subsection.4.2.4}{4.2.4 Behavioural}{section.4.2}% 26
\BOOKMARK [0][-]{chapter.5}{5 Evaluation}{}% 27
\BOOKMARK [1][-]{section.5.1}{5.1 Testing}{chapter.5}% 28
\BOOKMARK [1][-]{section.5.2}{5.2 Results}{chapter.5}% 29
\BOOKMARK [1][-]{section.5.3}{5.3 Analysis}{chapter.5}% 30
\BOOKMARK [0][-]{chapter.6}{6 Conclusion}{}% 31
\BOOKMARK [1][-]{section.6.1}{6.1 Problems encountered}{chapter.6}% 32
\BOOKMARK [1][-]{section.6.2}{6.2 Limitations}{chapter.6}% 33
\BOOKMARK [1][-]{section.6.3}{6.3 Future work}{chapter.6}% 34
\BOOKMARK [0][-]{section*.5}{Bibliography}{}% 35
\BOOKMARK [0][-]{appendix.A}{A Code}{}% 36
